0 info it worked if it ends with ok
1 verbose cli [ 'node', '/usr/local/bin/npm', 'publish', './', '--force' ]
2 info using npm@2.0.0-alpha-5
3 info using node@v0.10.29
4 verbose node symlink /usr/local/bin/node
5 warn using --force I sure hope you know what you are doing.
6 verbose publish [ './' ]
7 verbose cache add [ './', null ]
8 verbose cache add spec="./" args=["./",null]
9 verbose cache add local package /Users/ajwhite/Development/Labs/gulp-ng-config
10 silly lockFile 0ee6c175- ./
11 verbose lock ./ /Users/ajwhite/.npm/0ee6c175-.lock
12 verbose tar pack [ '/Users/ajwhite/.npm/gulp-ng-config/0.0.1/package.tgz', './' ]
13 verbose tarball /Users/ajwhite/.npm/gulp-ng-config/0.0.1/package.tgz
14 verbose folder ./
15 info prepublish gulp-ng-config@0.0.1
16 silly lockFile 04cb2bca-tar tar://./
17 verbose lock tar://./ /Users/ajwhite/.npm/04cb2bca-tar.lock
18 silly lockFile bcbff803-gulp-ng-config-0-0-1-package-tgz tar:///Users/ajwhite/.npm/gulp-ng-config/0.0.1/package.tgz
19 verbose lock tar:///Users/ajwhite/.npm/gulp-ng-config/0.0.1/package.tgz /Users/ajwhite/.npm/bcbff803-gulp-ng-config-0-0-1-package-tgz.lock
20 silly lockFile 04cb2bca-tar tar://./
21 silly lockFile 04cb2bca-tar tar://./
22 silly lockFile bcbff803-gulp-ng-config-0-0-1-package-tgz tar:///Users/ajwhite/.npm/gulp-ng-config/0.0.1/package.tgz
23 silly lockFile bcbff803-gulp-ng-config-0-0-1-package-tgz tar:///Users/ajwhite/.npm/gulp-ng-config/0.0.1/package.tgz
24 silly lockFile 82f89280-npm-gulp-ng-config-0-0-1-package /Users/ajwhite/.npm/gulp-ng-config/0.0.1/package
25 verbose lock /Users/ajwhite/.npm/gulp-ng-config/0.0.1/package /Users/ajwhite/.npm/82f89280-npm-gulp-ng-config-0-0-1-package.lock
26 silly lockFile 82f89280-npm-gulp-ng-config-0-0-1-package /Users/ajwhite/.npm/gulp-ng-config/0.0.1/package
27 silly lockFile 82f89280-npm-gulp-ng-config-0-0-1-package /Users/ajwhite/.npm/gulp-ng-config/0.0.1/package
28 silly lockFile 0ee6c175- ./
29 silly lockFile 0ee6c175- ./
30 silly publish { name: 'gulp-ng-config',
30 silly publish   version: '0.0.1',
30 silly publish   description: 'It\'s often useful to generate a file of constants, usually as environment variables, for your Angular apps. This Gulp plugin will allow you to provide an object of properties and will generate an Angular module of constants.',
30 silly publish   main: 'index.js',
30 silly publish   scripts: { test: 'echo "Error: no test specified" && exit 1' },
30 silly publish   repository:
30 silly publish    { type: 'git',
30 silly publish      url: 'https://github.com/ajwhite/gulp-ng-config.git' },
30 silly publish   author: { name: 'Atticus White' },
30 silly publish   license: 'ISC',
30 silly publish   bugs: { url: 'https://github.com/ajwhite/gulp-ng-config/issues' },
30 silly publish   homepage: 'https://github.com/ajwhite/gulp-ng-config',
30 silly publish   dependencies:
30 silly publish    { lodash: '^2.4.1',
30 silly publish      'stream-combiner': '^0.2.1',
30 silly publish      through2: '^0.6.1' },
30 silly publish   devDependencies: { gulp: '^3.8.7' },
30 silly publish   readme: '#gulp-ng-config\nIt\'s often useful to generate a file of constants, usually as environment variables, for your Angular apps.\nThis Gulp plugin will allow you to provide an object of properties and will generate an Angular module of constants.\n\n### How it works\nIt\'s pretty simple:\n`gulpNgConfig(outputFileName, moduleName, constantsObject)`\n\n\n\n### Example Usage\n```javascript\ngulp.task(\'test\', function () {\n  gulp.src(\'configFile.json\')\n  .pipe(gulpNgConfig(\'output.js\', \'myModule\'));\n});\n```\nWhere `configFile.json` contains:\n```json\n{\n  "string": "my string",\n  "integer": 12345,\n  "object": {"one": 2, "three": ["four"]},\n  "array": ["one", 2, {"three": "four"}, [5, "six"]]\n}\n\n```\n### Example Output\n```html\nangular.module(\'MyModule\')\n.constant(\'string\', "my string")\n.constant(\'integer\', 12345)\n.constant(\'object\', {"one":2,"three":["four"]})\n.constant(\'array\', ["one",2,{"three":"four"},[5,"six"]]);\n```\n\n### Roadmap\n- tests\n',
30 silly publish   readmeFilename: 'README.md',
30 silly publish   gitHead: '2151a7a2f1542774991c193f299490f73ea10964',
30 silly publish   _id: 'gulp-ng-config@0.0.1',
30 silly publish   _shasum: '66aca77de8a55a3614a0c4a19b2ef7eef24cdeea',
30 silly publish   _from: './' }
31 verbose mapToRegistry name gulp-ng-config
32 verbose mapToRegistry uri https://registry.npmjs.org/gulp-ng-config
33 verbose publish registryBase https://registry.npmjs.org/
34 verbose request where is /gulp-ng-config
35 verbose request registry https://registry.npmjs.org/
36 verbose request id 84487477edca5766
37 verbose request url raw /gulp-ng-config
38 verbose request url resolving [ 'https://registry.npmjs.org/', './gulp-ng-config' ]
39 verbose request url resolved https://registry.npmjs.org/gulp-ng-config
40 verbose request where is https://registry.npmjs.org/gulp-ng-config
41 verbose request setting basic auth
42 info trying registry request attempt 1 at 13:19:53
43 http PUT https://registry.npmjs.org/gulp-ng-config
44 http 403 https://registry.npmjs.org/gulp-ng-config
45 verbose headers { date: 'Sat, 16 Aug 2014 17:19:54 GMT',
45 verbose headers   server: 'CouchDB/1.5.0 (Erlang OTP/R14B04)',
45 verbose headers   'content-type': 'application/json',
45 verbose headers   'cache-control': 'max-age=60',
45 verbose headers   'content-length': '4054',
45 verbose headers   'accept-ranges': 'bytes',
45 verbose headers   via: '1.1 varnish',
45 verbose headers   'x-served-by': 'cache-dfw1821-DFW',
45 verbose headers   'x-cache': 'MISS',
45 verbose headers   'x-cache-hits': '0',
45 verbose headers   'x-timer': 'S1408209594.255061,VS0,VE273',
45 verbose headers   'keep-alive': 'timeout=10, max=50',
45 verbose headers   connection: 'Keep-Alive' }
46 error publish Failed PUT 403
47 error Error: forbidden cannot modify pre-existing version: 0.0.1
47 error old={"name":"gulp-ng-config","version":"0.0.1","description":"It's often useful to generate a file of constants, usually as environment variables, for your Angular apps. This Gulp plugin will allow you to provide an object of properties and will generate an Angular module of constants.","main":"index.js","scripts":{"test":"echo \"Error: no test specified\" && exit 1"},"repository":{"type":"git","url":"https://github.com/ajwhite/gulp-ng-config.git"},"author":{"name":"Atticus White"},"license":"ISC","bugs":{"url":"https://github.com/ajwhite/gulp-ng-config/issues"},"homepage":"https://github.com/ajwhite/gulp-ng-config","dependencies":{"lodash":"^2.4.1","stream-combiner":"^0.2.1","through2":"^0.6.1"},"devDependencies":{"gulp":"^3.8.7"},"gitHead":"90f1b4f24e9d8faeb5ff8797818873eeb9ab5002","_id":"gulp-ng-config@0.0.1","_shasum":"de0bb8ef934dc88973fa7b3847a54af15b2ce6a0","_from":"./","_npmVersion":"2.0.0-alpha-5","_npmUser":{"name":"atticoos","email":"contact@atticuswhite.com"},"maintainers":[{"name":"atticoos","email":"contact@atticuswhite.com"}],"dist":{"shasum":"de0bb8ef934dc88973fa7b3847a54af15b2ce6a0","tarball":"http://registry.npmjs.org/gulp-ng-config/-/gulp-ng-config-0.0.1.tgz"}}
47 error new={"name":"gulp-ng-config","version":"0.0.1","description":"It's often useful to generate a file of constants, usually as environment variables, for your Angular apps. This Gulp plugin will allow you to provide an object of properties and will generate an Angular module of constants.","main":"index.js","scripts":{"test":"echo \"Error: no test specified\" && exit 1"},"repository":{"type":"git","url":"https://github.com/ajwhite/gulp-ng-config.git"},"author":{"name":"Atticus White"},"license":"ISC","bugs":{"url":"https://github.com/ajwhite/gulp-ng-config/issues"},"homepage":"https://github.com/ajwhite/gulp-ng-config","dependencies":{"lodash":"^2.4.1","stream-combiner":"^0.2.1","through2":"^0.6.1"},"devDependencies":{"gulp":"^3.8.7"},"readme":"#gulp-ng-config\u000aIt's often useful to generate a file of constants, usually as environment variables, for your Angular apps.\u000aThis Gulp plugin will allow you to provide an object of properties and will generate an Angular module of constants.\u000a\u000a### How it works\u000aIt's pretty simple:\u000a`gulpNgConfig(outputFileName, moduleName, constantsObject)`\u000a\u000a\u000a\u000a### Example Usage\u000a```javascript\u000agulp.task('test', function () {\u000a  gulp.src('configFile.json')\u000a  .pipe(gulpNgConfig('output.js', 'myModule'));\u000a});\u000a```\u000aWhere `configFile.json` contains:\u000a```json\u000a{\u000a  \"string\": \"my string\",\u000a  \"integer\": 12345,\u000a  \"object\": {\"one\": 2, \"three\": [\"four\"]},\u000a  \"array\": [\"one\", 2, {\"three\": \"four\"}, [5, \"six\"]]\u000a}\u000a\u000a```\u000a### Example Output\u000a```html\u000aangular.module('MyModule')\u000a.constant('string', \"my string\")\u000a.constant('integer', 12345)\u000a.constant('object', {\"one\":2,\"three\":[\"four\"]})\u000a.constant('array', [\"one\",2,{\"three\":\"four\"},[5,\"six\"]]);\u000a```\u000a\u000a### Roadmap\u000a- tests\u000a","readmeFilename":"README.md","gitHead":"2151a7a2f1542774991c193f299490f73ea10964","_id":"gulp-ng-config@0.0.1","_shasum":"66aca77de8a55a3614a0c4a19b2ef7eef24cdeea","_from":"./","_npmVersion":"2.0.0-alpha-5","_npmUser":{"name":"atticoos","email":"contact@atticuswhite.com"},"maintainers":[{"name":"atticoos","email":"contact@atticuswhite.com"}],"dist":{"shasum":"66aca77de8a55a3614a0c4a19b2ef7eef24cdeea","tarball":"http://registry.npmjs.org/gulp-ng-config/-/gulp-ng-config-0.0.1.tgz"}}: gulp-ng-config
47 error     at RegClient.<anonymous> (/usr/local/lib/node_modules/npm/node_modules/npm-registry-client/lib/request.js:313:14)
47 error     at Request._callback (/usr/local/lib/node_modules/npm/node_modules/npm-registry-client/lib/request.js:251:65)
47 error     at Request.self.callback (/usr/local/lib/node_modules/npm/node_modules/request/request.js:123:22)
47 error     at Request.emit (events.js:98:17)
47 error     at Request.<anonymous> (/usr/local/lib/node_modules/npm/node_modules/request/request.js:893:14)
47 error     at Request.emit (events.js:117:20)
47 error     at IncomingMessage.<anonymous> (/usr/local/lib/node_modules/npm/node_modules/request/request.js:844:12)
47 error     at IncomingMessage.emit (events.js:117:20)
47 error     at _stream_readable.js:929:16
47 error     at process._tickCallback (node.js:419:13)
48 error If you need help, you may report this *entire* log,
48 error including the npm and node versions, at:
48 error     <http://github.com/npm/npm/issues>
49 error System Darwin 13.2.0
50 error command "node" "/usr/local/bin/npm" "publish" "./" "--force"
51 error cwd /Users/ajwhite/Development/Labs/gulp-ng-config
52 error node -v v0.10.29
53 error npm -v 2.0.0-alpha-5
54 verbose exit [ 1, true ]
